CPU 4026589891: dev: devices inited
CPU 4026589891: chardev: init
CPU 4026589891: blkdev: init
CPU 4026589891: netdev: init
Welcome to                                         
    _   __               __   _  __                
   / | / /____ _ __  __ / /_ (_)/ /__  __ _____    
  /  |/ // __ `// / / // __// // // / / // ___/    
 / /|  // /_/ // /_/ // /_ / // // /_/ /(__  )     
/_/ |_/ \__,_/ \__,_/ \__//_//_/ \__,_//____/  
+===============================================+  
 Kyle C. Hale (c) 2014 | Northwestern University   
+===============================================+  

Detected AuthenticAMD Processor
BOOTMEM: Setting up boot memory allocator
BOOTMEM: Memory map[0] - [0x00000000 - 0x0009f000] <usable RAM>
BOOTMEM: Memory map[1] - [0x000a0000 - 0x000a0000] <reserved>
BOOTMEM: Memory map[2] - [0x000f0000 - 0x00100000] <reserved>
BOOTMEM: Memory map[3] - [0x00100000 - 0x7fffe000] <usable RAM>
BOOTMEM: Memory map[4] - [0x7fffe000 - 0x80000000] <reserved>
BOOTMEM: Memory map[5] - [0xfffc0000 - 0x100000000] <reserved>
BOOTMEM: Detected 2147.81216 MB of usable System RAM
CPU 4026589891: Reserving Long->Real Interface Segment (0x00080000, size 65536)
CPU 4026589891: DEBUG: Multiboot info size 392B
CPU 4026589891: DEBUG: Cmd line: 
CPU 4026589891: DEBUG: Boot loader: GRUB 2.02~beta2-9ubuntu1.12
CPU 4026589891: DEBUG: Unhandled tag type (0xa)
CPU 4026589891: DEBUG: Multiboot2 memory map detected
CPU 4026589891: DEBUG: ELF size=20, num=0, entsize=0, shndx=0, sechdr=0x04351b20
CPU 4026589891: DEBUG: Multiboot2 basic meminfo detected
CPU 4026589891: DEBUG: Boot device: (biosdev=0xe0,slice=4294967295,part=4294967295)
CPU 4026589891: DEBUG: fb addr: 0x000b8000, fb_width: 80, fb_height: 25
CPU 4026589891: DEBUG: Old ACPI: rsdp=0x04351c88
ACPI: Parsing ACPI root table (at 0x000f0950)
ACPI: RSDP 00000000000f0950 00014 (v00 BOCHS )
ACPI: RSDT 000000007ffffc2a 00034 (v01 BOCHS  BXPCRSDT 00000001 BXPC 00000001)
ACPI: root table checksum pass
ACPI: FACP 000000007ffff1c0 00074 (v01 BOCHS  BXPCFACP 00000001 BXPC 00000001)
ACPI: SSDT 000000007ffff234 0093E (v01 BOCHS  BXPCSSDT 00000001 BXPC 00000001)
ACPI: APIC 000000007ffffb72 00080 (v01 BOCHS  BXPCAPIC 00000001 BXPC 00000001)
ACPI: HPET 000000007ffffbf2 00038 (v01 BOCHS  BXPCHPET 00000001 BXPC 00000001)
ACPI: Done parsing ACPI root table
SMP: Detected 2 CPUs
NUMA: Parsing ACPI NUMA information...
NUMA: DONE.
Remapping phys mem [0x00000000 - 0x100000000] with 2MB pages
CPU 4026589891: KMEM: Malloc configured to support a maximum of: 0x7ff9d000 bytes of physical memory
BOOTMEM: Adding boot memory regions to the kernel memory pool:
BOOTMEM:     [Domain 00 : Region 00] (0.00 MB)
BOOTMEM:     [Domain 00 : Region 01] (2059.403264 MB)
BOOTMEM:     =======
BOOTMEM:     [TOTAL] (2059.403264 MB)
Disabling legacy 8259 PIC
Initializing i8254 PIT
CPU 0: timer: Timers inited
CPU 0: kbd: init
CPU 0: kbd: reset
PCI: Probing PCI bus...
PCI: 0000:00:00.0 8086:1237 (rev 2)
PCI: 0000:00:01.0 8086:7000 (rev 0)
PCI: [0000:01.32902] Multifunction Device detected
PCI: 0000:00:02.0 1013:b8 (rev 0)
PCI: 0000:00:03.0 8086:100e (rev 3)
CPU 0: Scheduler: Initializing scheduler on BSP
BOOTMEM: Reclaiming boot sections and data:
BOOTMEM:     [Boot alloc. page map] (0.264 MB)
BOOTMEM:     [Boot page tables and stack]     (0.4096 MB)
BOOTMEM:     =======
BOOTMEM:     [TOTAL] (2.109704 MB)
SMP: Setting up cross-core IPI event queue
CPU 0: DEBUG: realmode: Copying thunk from 0x0432c000 to target address 0x00080000 (size=0x22b)
CPU 0: realmode: real mode inited
CPU 0: vesa: init
CPU 0: DEBUG: realmode: wait for start
CPU 0: DEBUG: realmode: started
CPU 0: DEBUG: realmode: Interrupts off, thunk about to be called
CPU 0: DEBUG: realmode: Thunk has returned
CPU 0: DEBUG: realmode: finish called
CPU 0: DEBUG: vesa: vesa adapter info complete
CPU 0: vesa: version 0300 capabilities 00000000 memory 4096 KB
CPU 0: vesa: oem SeaBIOS VBE(C) 2011 vendor SeaBIOS Developers product_name SeaBIOS VBE Adapter software_rev 0000 product_rev Rev. 1
CPU 0: vesa: modes at 8000:8022 (0x00088022)
CPU 0: DEBUG: realmode: wait for start
CPU 0: DEBUG: realmode: started
CPU 0: DEBUG: realmode: Interrupts off, thunk about to be called
CPU 0: DEBUG: realmode: Thunk has returned
CPU 0: DEBUG: realmode: finish called
CPU 0: DEBUG: vesa: vesa mode info complete
CPU 0: vesa: mode 0002:
CPU 0: vesa:      attr=0000002f w=80 h=25
CPU 0: vesa:      bpp=4 pitch=160
CPU 0: vesa:      text=1 color=1 lfb=0 fb=0x00000000
CPU 0: DEBUG: realmode: wait for start
CPU 0: DEBUG: realmode: started
CPU 0: DEBUG: realmode: Interrupts off, thunk about to be called
CPU 0: DEBUG: realmode: Thunk has returned
CPU 0: DEBUG: realmode: finish called
CPU 0: DEBUG: vesa: vesa mode info complete
CPU 0: vesa: mode 0003:
CPU 0: vesa:      attr=0000002f w=80 h=25
CPU 0: vesa:      bpp=4 pitch=160
CPU 0: vesa:      text=1 color=1 lfb=0 fb=0x00000000
CPU 0: DEBUG: realmode: wait for start
CPU 0: DEBUG: realmode: started
CPU 0: DEBUG: realmode: Interrupts off, thunk about to be called
CPU 0: DEBUG: realmode: Thunk has returned
CPU 0: DEBUG: realmode: finish called
CPU 0: DEBUG: vesa: vesa mode info complete
CPU 0: vesa: mode 0004:
CPU 0: vesa:      attr=0000003b w=320 h=200
CPU 0: vesa:      bpp=2 pitch=80
CPU 0: vesa:      text=0 color=1 lfb=0 fb=0x00000000
CPU 0: DEBUG: realmode: wait for start
CPU 0: DEBUG: realmode: started
CPU 0: DEBUG: realmode: Interrupts off, thunk about to be called
CPU 0: DEBUG: realmode: Thunk has returned
CPU 0: DEBUG: realmode: finish called
CPU 0: DEBUG: vesa: vesa mode info complete
CPU 0: vesa: mode 0005:
CPU 0: vesa:      attr=0000003b w=320 h=200
CPU 0: vesa:      bpp=2 pitch=80
CPU 0: vesa:      text=0 color=1 lfb=0 fb=0x00000000
CPU 0: DEBUG: realmode: wait for start
CPU 0: DEBUG: realmode: started
CPU 0: DEBUG: realmode: Interrupts off, thunk about to be called
CPU 0: DEBUG: realmode: Thunk has returned
CPU 0: DEBUG: realmode: finish called
CPU 0: DEBUG: vesa: vesa mode info complete
CPU 0: vesa: mode 0006:
CPU 0: vesa:      attr=0000003b w=640 h=200
CPU 0: vesa:      bpp=1 pitch=80
CPU 0: vesa:      text=0 color=1 lfb=0 fb=0x00000000
CPU 0: DEBUG: realmode: wait for start
CPU 0: DEBUG: realmode: started
CPU 0: DEBUG: realmode: Interrupts off, thunk about to be called
CPU 0: DEBUG: realmode: Thunk has returned
CPU 0: DEBUG: realmode: finish called
CPU 0: DEBUG: vesa: vesa mode info complete
CPU 0: vesa: mode 0007:
CPU 0: vesa:      attr=00000027 w=80 h=25
CPU 0: vesa:      bpp=4 pitch=160
CPU 0: vesa:      text=1 color=0 lfb=0 fb=0x00000000
CPU 0: DEBUG: realmode: wait for start
CPU 0: DEBUG: realmode: started
CPU 0: DEBUG: realmode: Interrupts off, thunk about to be called
CPU 0: DEBUG: realmode: Thunk has returned
CPU 0: DEBUG: realmode: finish called
CPU 0: DEBUG: vesa: vesa mode info complete
CPU 0: vesa: mode 000d:
CPU 0: vesa:      attr=0000003b w=320 h=200
CPU 0: vesa:      bpp=4 pitch=40
CPU 0: vesa:      text=0 color=1 lfb=0 fb=0x00000000
CPU 0: DEBUG: realmode: wait for start
CPU 0: DEBUG: realmode: started
CPU 0: DEBUG: realmode: Interrupts off, thunk about to be called
CPU 0: DEBUG: realmode: Thunk has returned
CPU 0: DEBUG: realmode: finish called
CPU 0: DEBUG: vesa: vesa mode info complete
CPU 0: vesa: mode 000e:
CPU 0: vesa:      attr=0000003b w=640 h=200
CPU 0: vesa:      bpp=4 pitch=80
CPU 0: vesa:      text=0 color=1 lfb=0 fb=0x00000000
CPU 0: DEBUG: realmode: wait for start
CPU 0: DEBUG: realmode: started
CPU 0: DEBUG: realmode: Interrupts off, thunk about to be called
CPU 0: DEBUG: realmode: Thunk has returned
CPU 0: DEBUG: realmode: finish called
CPU 0: DEBUG: vesa: vesa mode info complete
CPU 0: vesa: mode 000f:
CPU 0: vesa:      attr=0000003b w=640 h=350
CPU 0: vesa:      bpp=1 pitch=80
CPU 0: vesa:      text=0 color=1 lfb=0 fb=0x00000000
CPU 0: DEBUG: realmode: wait for start
CPU 0: DEBUG: realmode: started
CPU 0: DEBUG: realmode: Interrupts off, thunk about to be called
CPU 0: DEBUG: realmode: Thunk has returned
CPU 0: DEBUG: realmode: finish called
CPU 0: DEBUG: vesa: vesa mode info complete
CPU 0: vesa: mode 0010:
CPU 0: vesa:      attr=0000003b w=640 h=350
CPU 0: vesa:      bpp=4 pitch=80
CPU 0: vesa:      text=0 color=1 lfb=0 fb=0x00000000
CPU 0: DEBUG: realmode: wait for start
CPU 0: DEBUG: realmode: started
CPU 0: DEBUG: realmode: Interrupts off, thunk about to be called
CPU 0: DEBUG: realmode: Thunk has returned
CPU 0: DEBUG: realmode: finish called
CPU 0: DEBUG: vesa: vesa mode info complete
CPU 0: vesa: mode 0011:
CPU 0: vesa:      attr=0000003b w=640 h=480
CPU 0: vesa:      bpp=1 pitch=80
CPU 0: vesa:      text=0 color=1 lfb=0 fb=0x00000000
CPU 0: DEBUG: realmode: wait for start
CPU 0: DEBUG: realmode: started
CPU 0: DEBUG: realmode: Interrupts off, thunk about to be called
CPU 0: DEBUG: realmode: Thunk has returned
CPU 0: DEBUG: realmode: finish called
CPU 0: DEBUG: vesa: vesa mode info complete
CPU 0: vesa: mode 0012:
CPU 0: vesa:      attr=0000003b w=640 h=480
CPU 0: vesa:      bpp=4 pitch=80
CPU 0: vesa:      text=0 color=1 lfb=0 fb=0x00000000
CPU 0: DEBUG: realmode: wait for start
CPU 0: DEBUG: realmode: started
CPU 0: DEBUG: realmode: Interrupts off, thunk about to be called
CPU 0: DEBUG: realmode: Thunk has returned
CPU 0: DEBUG: realmode: finish called
CPU 0: DEBUG: vesa: vesa mode info complete
CPU 0: vesa: mode 0013:
CPU 0: vesa:      attr=000000bb w=320 h=200
CPU 0: vesa:      bpp=8 pitch=320
CPU 0: vesa:      text=0 color=1 lfb=1 fb=0xfc000000
CPU 0: DEBUG: realmode: wait for start
CPU 0: DEBUG: realmode: started
CPU 0: DEBUG: realmode: Interrupts off, thunk about to be called
CPU 0: DEBUG: realmode: Thunk has returned
CPU 0: DEBUG: realmode: finish called
CPU 0: DEBUG: vesa: vesa mode info complete
CPU 0: vesa: mode 006a:
CPU 0: vesa:      attr=0000003b w=800 h=600
CPU 0: vesa:      bpp=4 pitch=100
CPU 0: vesa:      text=0 color=1 lfb=0 fb=0x00000000
CPU 0: DEBUG: realmode: wait for start
CPU 0: DEBUG: realmode: started
CPU 0: DEBUG: realmode: Interrupts off, thunk about to be called
CPU 0: DEBUG: realmode: Thunk has returned
CPU 0: DEBUG: realmode: finish called
CPU 0: DEBUG: vesa: vesa mode is 0x0003
CPU 0: DEBUG: realmode: wait for start
CPU 0: DEBUG: realmode: started
CPU 0: DEBUG: realmode: Interrupts off, thunk about to be called
CPU 0: DEBUG: realmode: Thunk has returned
CPU 0: DEBUG: realmode: finish called
CPU 0: DEBUG: vesa: vesa mode info complete
MWAIT not supported
CPU 0: vc: init
CPU 0: vc: List launched
List of VCs (space to regenerate)

a : default
b : system-log
c : vc-list
CPU 0: ramdisk: init
CPU 0: blkdev: register device ramdisk0
CPU 0: dev: Added device with name ramdisk0, type 1, flags 0x0
CPU 0: ramdisk: Added embedded image as ramdisk0, blocksize=512, numblocks=131072, len=67108864
VIRTIO_PCI: init
CPU 0: fs: inited
CPU 0: DEBUG: fat32: Device ramdisk0 has block size 512 and numblocks 131072
CPU 0: DEBUG: fat32: size of boot record 512
CPU 0: DEBUG: ramdisk: read_blocks on device ramdisk0 starting at 0 for 1 blocks
CPU 0: DEBUG: ramdisk: read_blocks on device ramdisk0 starting at 32 for 1009 blocks
CPU 0: DEBUG: fat32: Media byte f8
CPU 0: DEBUG: fat32: 512 bytes per logical sector
CPU 0: DEBUG: fat32: 512 bytes per cluster
CPU 0: DEBUG: fat32: 32 reserved sectors
CPU 0: DEBUG: fat32: First FAT starts at sector 32
CPU 0: DEBUG: fat32: 2 FATs
CPU 0: DEBUG: fat32: 1009 sectors per FAT
CPU 0: DEBUG: fat32: Root directory start at cluster 2 (arbitrary size)
CPU 0: DEBUG: fat32: 32 sectors/track, 64 heads
CPU 0: DEBUG: fat32: 0 hidden sectors
CPU 0: DEBUG: fat32: 131072 sectors total
CPU 0: DEBUG: fs: register fs with name rootfs, flags 0x1, interface 000000000433b400, and state 0000000000102400
CPU 0: fs: Added filesystem with name rootfs and flags 0x1
CPU 0: fat32: filesystem rootfs on device ramdisk0 is attached (readonly)
CPU 0: DEBUG: fat32: num_parts is 1
CPU 0: DEBUG: fat32: parts[0] is FOO.TXT
CPU 0: DEBUG: fat32: root sector num is 2050
CPU 0: DEBUG: fat32: directory entry size 32
CPU 0: DEBUG: fat32: read file name is FOO , ext is TXT, ext_size is 3
CPU 0: DEBUG: ramdisk: read_blocks on device ramdisk0 starting at 2050 for 1 blocks
CPU 0: DEBUG: fat32: i is 0, dir_entry name is Af, ext is , cluster_num is -65536
CPU 0: DEBUG: fat32: i is 1, dir_entry name is FOO     TXT , ext is TXT , cluster_num is 3
CPU 0: DEBUG: fat32: enter if statement.
CPU 0: DEBUG: fat32: cluster num is 3
CPU 0: DEBUG: fat32: offset = 0
CPU 0: DEBUG: fat32: file_size = 6
CPU 0: DEBUG: fat32: CLUSTER NUM is 3
CPU 0: DEBUG: fat32: remainder = 0
CPU 0: DEBUG: fat32: to_be_read = 6
CPU 0: DEBUG: ramdisk: read_blocks on device ramdisk0 starting at 2051 for 1 blocks
CPU 0: DEBUG: fat32: read buf is hello

CPU 0: DEBUG: fat32: dest_off is 6
CPU 0: DEBUG: fat32: content of foo2.txt before write: hello

CPU 0: DEBUG: fat32: num_parts is 1
CPU 0: DEBUG: fat32: parts[0] is FOO.TXT
CPU 0: DEBUG: fat32: root sector num is 2050
CPU 0: DEBUG: fat32: directory entry size 32
CPU 0: DEBUG: fat32: read file name is FOO , ext is TXT, ext_size is 3
CPU 0: DEBUG: ramdisk: read_blocks on device ramdisk0 starting at 2050 for 1 blocks
CPU 0: DEBUG: fat32: i is 0, dir_entry name is Af, ext is , cluster_num is -65536
CPU 0: DEBUG: fat32: i is 1, dir_entry name is FOO     TXT , ext is TXT , cluster_num is 3
CPU 0: DEBUG: fat32: enter if statement.
CPU 0: DEBUG: fat32: cluster num is 3
CPU 0: DEBUG: fat32: offset = 0
CPU 0: DEBUG: fat32: file_size = 6
CPU 0: DEBUG: fat32: CLUSTER NUM is 3
CPU 0: DEBUG: fat32: remainder = 0
CPU 0: DEBUG: ramdisk: read_blocks on device ramdisk0 starting at 2051 for 1 blocks
CPU 0: DEBUG: fat32: Num Bytes to be written: 512
CPU 0: DEBUG: ramdisk: write_blocks on device ramdisk0 starting at 2051 for 1 blocks
CPU 0: DEBUG: fat32: num_allocate is 2
CPU 0: DEBUG: fat32: ALLOC BLOCK: i is 111
CPU 0: DEBUG: fat32: ALLOC BLOCK: i is 112
CPU 0: DEBUG: ramdisk: write_blocks on device ramdisk0 starting at 32 for 1009 blocks
CPU 0: DEBUG: ramdisk: write_blocks on device ramdisk0 starting at 1041 for 1009 blocks
CPU 0: DEBUG: fat32: cluster number after allocation is 111
CPU 0: DEBUG: fat32: Num Bytes to be written: 512
CPU 0: DEBUG: ramdisk: write_blocks on device ramdisk0 starting at 2159 for 1 blocks
CPU 0: DEBUG: fat32: BUF IS stuvwxyzabcdefghijklmnopqrstuvwxyzabcdefghijklmnopqrstuvwxyzabcdefghijklmnopqrstuvwxyzabcdefghijklmnopqrstuvwxyzabcdefghijklmnopqrstuvwxyzabcdefghijklmnopqrstuvwxyzabcdefghijklmnopqrstuvwxyzabcdefghijklmnopqrstuvwxyzabcdefghijklmnopqrstuvwxyzabcdefghijklmnopqrstuvwxyzabcdefghijklmnopqrstuvwxyzabcdefghijklmnopqrstuvwxyzabcdefghijklmnopqrstuvwxyzabcdefghijklmnopqrstuvwxyzabcdefghijklmnopqrstuvwxyzabcdefghijklmnopqrstuvwxyzabcdefghijklmnopqrstuvwxyzabcdefghijklmnopqrstuvwxyzabcdefghijklmnopqrstuvwxyzabcdefghijàŠ0
CPU 0: DEBUG: fat32: Num Bytes to be written: 76
CPU 0: DEBUG: ramdisk: write_blocks on device ramdisk0 starting at 2160 for 1 blocks
CPU 0: DEBUG: fat32: BUF IS klmnopqrstuvwxyzabcdefghijklmnopqrstuvwxyzabcdefghijklmnopqrstuvwxyzabcdefgh
CPU 0: DEBUG: ramdisk: read_blocks on device ramdisk0 starting at 2050 for 1 blocks
CPU 0: DEBUG: ramdisk: write_blocks on device ramdisk0 starting at 2050 for 1 blocks
CPU 0: DEBUG: fat32: num_parts is 1
CPU 0: DEBUG: fat32: parts[0] is FOO.TXT
CPU 0: DEBUG: fat32: root sector num is 2050
CPU 0: DEBUG: fat32: directory entry size 32
CPU 0: DEBUG: fat32: read file name is FOO , ext is TXT, ext_size is 3
CPU 0: DEBUG: ramdisk: read_blocks on device ramdisk0 starting at 2050 for 1 blocks
CPU 0: DEBUG: fat32: i is 0, dir_entry name is Af, ext is , cluster_num is -65536
CPU 0: DEBUG: fat32: i is 1, dir_entry name is FOO     TXT , ext is TXT , cluster_num is 3
CPU 0: DEBUG: fat32: enter if statement.
CPU 0: DEBUG: fat32: cluster num is 3
CPU 0: DEBUG: fat32: offset = 700
CPU 0: DEBUG: fat32: file_size = 1100
CPU 0: DEBUG: fat32: CLUSTER NUM is 3
CPU 0: DEBUG: fat32: remainder = 188
CPU 0: DEBUG: fat32: to_be_read = 400
CPU 0: DEBUG: ramdisk: read_blocks on device ramdisk0 starting at 2159 for 1 blocks
CPU 0: DEBUG: fat32: dest_off is 76
CPU 0: DEBUG: ramdisk: read_blocks on device ramdisk0 starting at 2160 for 1 blocks
CPU 0: DEBUG: fat32: read buf is klmnopqrstuvwxyzabcdefghijklmnopqrstuvwxyzabcdefghijklmnopqrstuvwxyzabcdefgh
CPU 0: DEBUG: fat32: dest_off is 152
CPU 0: DEBUG: fat32: content of foo2.txt after write: yzabcdefghijklmnopqrstuvwxyzabcdefghijklmnopqrstuvwxyzabcdefghijklmnopqrstuvklmnopqrstuvwxyzabcdefghijklmnopqrstuvwxyzabcdefghijklmnopqrstuvwxyzabcdefghuvwxyzabcdefghijklmnopqrstuvwxyzabcdefghijklmnopqrstuvwxyzabcdefghijklmnopqrstuvwxyzabcdefghijklmnopqrstuvwxyzabcdefghijklmnopqrstuvwxyzabcdefghijklmnopqrstuvwxyzabcdefghij
CPU 0: Shell root-shell launched on cpu 0 as 0000000000105000
Nautilus boot thread yielding (indefinitely)
root-shell> cat foo.txt
CPU 0: DEBUG: fs: open path foo.txt, flags=1, mode=0
CPU 0: DEBUG: fs: decode path foo.txt
CPU 0: DEBUG: fs: decoded as fs rootfs and path foo.txt
CPU 0: DEBUG: fat32: num_parts is 1
CPU 0: DEBUG: fat32: parts[0] is OO.TXT
CPU 0: DEBUG: fat32: root sector num is 2050
CPU 0: DEBUG: fat32: directory entry size 32
CPU 0: DEBUG: fat32: read file name is OO , ext is TXT, ext_size is 3
CPU 0: DEBUG: ramdisk: read_blocks on device ramdisk0 starting at 2050 for 1 blocks
CPU 0: DEBUG: fat32: i is 0, dir_entry name is Af, ext is , cluster_num is -65536
CPU 0: DEBUG: fat32: i is 1, dir_entry name is FOO     TXT , ext is TXT , cluster_num is 3
CPU 0: DEBUG: fat32: i is 2, dir_entry name is Ab, ext is , cluster_num is -65536
CPU 0: DEBUG: fat32: i is 3, dir_entry name is BAR         , ext is     , cluster_num is 4
CPU 0: DEBUG: fat32: i is 4, dir_entry name is , ext is , cluster_num is 0
CPU 0: DEBUG: fat32: i is 5, dir_entry name is , ext is , cluster_num is 0
CPU 0: DEBUG: fat32: i is 6, dir_entry name is , ext is , cluster_num is 0
CPU 0: DEBUG: fat32: i is 7, dir_entry name is , ext is , cluster_num is 0
CPU 0: DEBUG: fat32: i is 8, dir_entry name is , ext is , cluster_num is 0
CPU 0: DEBUG: fat32: i is 9, dir_entry name is , ext is , cluster_num is 0
CPU 0: DEBUG: fat32: i is 10, dir_entry name is , ext is , cluster_num is 0
CPU 0: DEBUG: fat32: i is 11, dir_entry name is , ext is , cluster_num is 0
CPU 0: DEBUG: fat32: i is 12, dir_entry name is , ext is , cluster_num is 0
CPU 0: DEBUG: fat32: i is 13, dir_entry name is , ext is , cluster_num is 0
CPU 0: DEBUG: fat32: i is 14, dir_entry name is , ext is , cluster_num is 0
CPU 0: DEBUG: fat32: i is 15, dir_entry name is , ext is , cluster_num is 0
CPU 0: DEBUG: fs: path FOO.TXT does not exist, and no creation requested
Cannot open "FOO.TXT"
root-shell> cat /foo.txt
CPU 0: DEBUG: fs: open path /foo.txt, flags=1, mode=0
CPU 0: DEBUG: fs: decode path /foo.txt
CPU 0: DEBUG: fs: decoded as fs rootfs and path /foo.txt
CPU 0: DEBUG: fat32: num_parts is 1
CPU 0: DEBUG: fat32: parts[0] is FOO.TXT
CPU 0: DEBUG: fat32: root sector num is 2050
CPU 0: DEBUG: fat32: directory entry size 32
CPU 0: DEBUG: fat32: read file name is FOO , ext is TXT, ext_size is 3
CPU 0: DEBUG: ramdisk: read_blocks on device ramdisk0 starting at 2050 for 1 blocks
CPU 0: DEBUG: fat32: i is 0, dir_entry name is Af, ext is , cluster_num is -65536
CPU 0: DEBUG: fat32: i is 1, dir_entry name is FOO     TXT , ext is TXT , cluster_num is 3
CPU 0: DEBUG: fat32: enter if statement.
CPU 0: DEBUG: fat32: cluster num is 3
CPU 0: DEBUG: fs: path /FOO.TXT exists
CPU 0: DEBUG: fat32: num_parts is 1
CPU 0: DEBUG: fat32: parts[0] is FOO.TXT
CPU 0: DEBUG: fat32: root sector num is 2050
CPU 0: DEBUG: fat32: directory entry size 32
CPU 0: DEBUG: fat32: read file name is FOO , ext is TXT, ext_size is 3
CPU 0: DEBUG: ramdisk: read_blocks on device ramdisk0 starting at 2050 for 1 blocks
CPU 0: DEBUG: fat32: i is 0, dir_entry name is Af, ext is , cluster_num is -65536
CPU 0: DEBUG: fat32: i is 1, dir_entry name is FOO     TXT , ext is TXT , cluster_num is 3
CPU 0: DEBUG: fat32: enter if statement.
CPU 0: DEBUG: fat32: cluster num is 3
CPU 0: DEBUG: fat32: open of /FOO.TXT returned cluster number 3
CPU 0: DEBUG: fs: Opened file /FOO.TXT on fs rootfs file=0000000000107140 CPU 0: DEBUG: fs: attempt read of 80 bytes starting at position 0
CPU 0: DEBUG: fat32: num_parts is 1
CPU 0: DEBUG: fat32: parts[0] is     TXT 
CPU 0: DEBUG: fat32: root sector num is 2050
CPU 0: DEBUG: fat32: directory entry size 32
CPU 0: DEBUG: fat32: read file name is     TXT , ext is o, ext_size is 0
CPU 0: DEBUG: ramdisk: read_blocks on device ramdisk0 starting at 2050 for 1 blocks
CPU 0: DEBUG: fat32: i is 0, dir_entry name is Af, ext is , cluster_num is -65536
CPU 0: DEBUG: fat32: i is 1, dir_entry name is FOO     TXT , ext is TXT , cluster_num is 3
CPU 0: DEBUG: fat32: i is 2, dir_entry name is Ab, ext is , cluster_num is -65536
CPU 0: DEBUG: fat32: i is 3, dir_entry name is BAR         , ext is     , cluster_num is 4
CPU 0: DEBUG: fat32: i is 4, dir_entry name is , ext is , cluster_num is 0
CPU 0: DEBUG: fat32: i is 5, dir_entry name is , ext is , cluster_num is 0
CPU 0: DEBUG: fat32: i is 6, dir_entry name is , ext is , cluster_num is 0
CPU 0: DEBUG: fat32: i is 7, dir_entry name is , ext is , cluster_num is 0
CPU 0: DEBUG: fat32: i is 8, dir_entry name is , ext is , cluster_num is 0
CPU 0: DEBUG: fat32: i is 9, dir_entry name is , ext is , cluster_num is 0
CPU 0: DEBUG: fat32: i is 10, dir_entry name is , ext is , cluster_num is 0
CPU 0: DEBUG: fat32: i is 11, dir_entry name is , ext is , cluster_num is 0
CPU 0: DEBUG: fat32: i is 12, dir_entry name is , ext is , cluster_num is 0
CPU 0: DEBUG: fat32: i is 13, dir_entry name is , ext is , cluster_num is 0
CPU 0: DEBUG: fat32: i is 14, dir_entry name is , ext is , cluster_num is 0
CPU 0: DEBUG: fat32: i is 15, dir_entry name is , ext is , cluster_num is 0

+++ Page Fault +++
RIP: 0x00000007    Fault Address: 0x100000053 
Error Code: 0x0    (core=0)
Current Thread=0x4 (0x00105000)
[-------------- Register Contents --------------]
RIP: 0008:0000000000000007
RSP: 0010:0000000000106c08 RFLAGS: 00000046 Vector: 0000000e Error: 00000000
RAX: 00000000ffffffff RBX: 0000000000000000 RCX: 0000000000000005
RDX: 000000000460a250 RDI: 0000000101160000 RSI: 000000000460a400
RBP: 0000000000000000 R08: 0000000000000000 R09: 0000000000000020
R10: 0000000000106410 R11: 0000000000000002 R12: 000000000460a260
R13: 000000000460a260 R14: 0000000000000006 R15: 0000000000000000
FS: 0000000000000000(0018) GS: 0000000004602000(0000) knlGS: 0000000000000000
CS: 0008 DS: 0010 ES: 0010 CR0: 0000000080000033
CR2: 0000000100000053 CR3: 0000000004603000 CR4: 0000000000000620
[-----------------------------------------------]
[----------------- Call Trace ------------------]
PANIC at src/nautilus/paging.c(347): +++ HALTING +++

+++ Page Fault +++
RIP: 0x00315dd0    Fault Address: 0x3fd113878 
Error Code: 0x2    (core=1)
Current Thread=0x2 (0x00101000)
[-------------- Register Contents --------------]
RIP: 0008:0000000000315dd0
RSP: 0010:000000007f3ffea0 RFLAGS: 00000002 Vector: 0000000e Error: 00000002
RAX: 000000007fa00f00 RBX: 0000236fc5907a10 RCX: 0000000000108038
RDX: 000000007fa00f01 RDI: 000000000010a048 RSI: 000000007fa00f00
RBP: 000000007f3fff20 R08: 0000000000000000 R09: 0000000000000000
R10: 0000000000000000 R11: 000000000460a400 R12: 0000000000313200
R13: 000000007fa00f00 R14: 00000000003136c0 R15: 0000000000108000
FS: 0000000000000000(0000) GS: 00000000046020c0(0000) knlGS: 0000000000000000
CS: 0008 DS: 0010 ES: 0010 CR0: 00000000e0000033
CR2: 00000003fd113878 CR3: 0000000004603000 CR4: 0000000000000620
[-----------------------------------------------]
[----------------- Call Trace ------------------]
PANIC at src/nautilus/paging.c(347): +++ HALTING +++
